2021-02-03 00:03:24 - HikariPool-1 - Thread starvation or clock leap detected (housekeeper delta=4m52s552ms220µs892ns).
2021-02-03 00:03:24 - Resolved [org.springframework.http.converter.HttpMessageNotWritableException: No converter found for return value of type: class org.springframework.http.ResponseEntity$DefaultBuilder]
2021-02-03 00:03:24 - Closing JPA EntityManagerFactory for persistence unit 'default'
2021-02-03 00:03:24 - Shutting down ExecutorService 'taskScheduler'
2021-02-03 00:03:24 - Shutting down ExecutorService 'applicationTaskExecutor'
2021-02-03 00:03:24 - HikariPool-1 - Shutdown initiated...
2021-02-03 00:03:24 - HikariPool-1 - Shutdown completed.
2021-02-03 00:05:42 - Starting ImagesControllerTest on WIN-74REM537BGC with PID 8028 (started by Arzuman in C:\Users\Arzuman\Desktop\table\Folder\Full Stack\GreenFULL\greenLightRest)
2021-02-03 00:05:42 - No active profile set, falling back to default profiles: default
2021-02-03 00:05:45 - Bootstrapping Spring Data JPA repositories in DEFERRED mode.
2021-02-03 00:05:45 - Finished Spring Data repository scanning in 299ms. Found 7 JPA repository interfaces.
2021-02-03 00:05:49 - Initializing ExecutorService 'applicationTaskExecutor'
2021-02-03 00:05:49 - Initializing ExecutorService 'taskScheduler'
2021-02-03 00:05:49 - HHH000204: Processing PersistenceUnitInfo [name: default]
2021-02-03 00:05:49 - HHH000412: Hibernate ORM core version 5.4.18.Final
2021-02-03 00:05:49 - spring.jpa.open-in-view is enabled by default. Therefore, database queries may be performed during view rendering. Explicitly configure spring.jpa.open-in-view to disable this warning
2021-02-03 00:05:50 - HCANN000001: Hibernate Commons Annotations {5.1.0.Final}
2021-02-03 00:05:51 - HikariPool-1 - Starting...
2021-02-03 00:05:52 - HikariPool-1 - Start completed.
2021-02-03 00:05:52 - HHH000400: Using dialect: org.hibernate.dialect.MySQL57Dialect
2021-02-03 00:05:52 - [THYMELEAF][main] Template Mode 'HTML5' is deprecated. Using Template Mode 'HTML' instead.
2021-02-03 00:05:53 - Mapped URL path [/v2/api-docs] onto method [springfox.documentation.swagger2.web.Swagger2Controller#getDocumentation(String, HttpServletRequest)]
2021-02-03 00:05:54 - Creating filter chain: any request, [org.springframework.security.web.context.request.async.WebAsyncManagerIntegrationFilter@6728370a, org.springframework.security.web.context.SecurityContextPersistenceFilter@71139e77, org.springframework.security.web.header.HeaderWriterFilter@1b94c789, org.springframework.security.web.authentication.logout.LogoutFilter@5403431a, am.greenlight.greenlight.security.JwtAuthenticationTokenFilter@75d97e18, org.springframework.security.web.savedrequest.RequestCacheAwareFilter@2404abe2, org.springframework.security.web.servletapi.SecurityContextHolderAwareRequestFilter@2aac8ad7, org.springframework.security.web.authentication.AnonymousAuthenticationFilter@2b5f8e61, org.springframework.security.web.session.SessionManagementFilter@43755e2f, org.springframework.security.web.access.ExceptionTranslationFilter@6fced25c, org.springframework.security.web.access.intercept.FilterSecurityInterceptor@55e42684]
2021-02-03 00:05:57 - Initializing Spring TestDispatcherServlet ''
2021-02-03 00:05:58 - Initializing Servlet ''
2021-02-03 00:05:58 - Completed initialization in 80 ms
2021-02-03 00:05:58 - Context refreshed
2021-02-03 00:05:58 - Found 1 custom documentation plugin(s)
2021-02-03 00:05:58 - Scanning for api listing references
2021-02-03 00:05:58 - HHH000490: Using JtaPlatform implementation: [org.hibernate.engine.transaction.jta.platform.internal.NoJtaPlatform]
2021-02-03 00:05:58 - Initialized JPA EntityManagerFactory for persistence unit 'default'
2021-02-03 00:05:59 - Generating unique operation named: saveUsingPOST_1
2021-02-03 00:05:59 - Generating unique operation named: deleteUsingDELETE_1
2021-02-03 00:05:59 - Generating unique operation named: saveUsingPOST_2
2021-02-03 00:05:59 - Generating unique operation named: saveUsingPOST_3
2021-02-03 00:05:59 - Triggering deferred initialization of Spring Data repositories…
2021-02-03 00:06:01 - Spring Data repositories initialized!
2021-02-03 00:06:01 - Started ImagesControllerTest in 21.949 seconds (JVM running for 25.856)
2021-02-03 00:06:02 - Initializing Spring TestDispatcherServlet ''
2021-02-03 00:06:02 - Initializing Servlet ''
2021-02-03 00:06:02 - Completed initialization in 1 ms
2021-02-03 00:14:15 - HikariPool-1 - Thread starvation or clock leap detected (housekeeper delta=8m22s891ms508µs877ns).
2021-02-03 00:14:59 - Resolved [org.springframework.http.converter.HttpMessageNotWritableException: No converter found for return value of type: class org.springframework.http.ResponseEntity$DefaultBuilder]
2021-02-03 00:15:00 - Closing JPA EntityManagerFactory for persistence unit 'default'
2021-02-03 00:15:00 - Shutting down ExecutorService 'taskScheduler'
2021-02-03 00:15:00 - Shutting down ExecutorService 'applicationTaskExecutor'
2021-02-03 00:15:00 - HikariPool-1 - Shutdown initiated...
2021-02-03 00:15:00 - HikariPool-1 - Shutdown completed.
2021-02-03 00:18:13 - Starting ImagesControllerTest on WIN-74REM537BGC with PID 7292 (started by Arzuman in C:\Users\Arzuman\Desktop\table\Folder\Full Stack\GreenFULL\greenLightRest)
2021-02-03 00:18:13 - No active profile set, falling back to default profiles: default
2021-02-03 00:18:17 - Bootstrapping Spring Data JPA repositories in DEFERRED mode.
2021-02-03 00:18:17 - Finished Spring Data repository scanning in 429ms. Found 7 JPA repository interfaces.
2021-02-03 00:18:21 - Initializing ExecutorService 'applicationTaskExecutor'
2021-02-03 00:18:21 - Initializing ExecutorService 'taskScheduler'
2021-02-03 00:18:21 - HHH000204: Processing PersistenceUnitInfo [name: default]
2021-02-03 00:18:21 - HHH000412: Hibernate ORM core version 5.4.18.Final
2021-02-03 00:18:22 - spring.jpa.open-in-view is enabled by default. Therefore, database queries may be performed during view rendering. Explicitly configure spring.jpa.open-in-view to disable this warning
2021-02-03 00:18:22 - HCANN000001: Hibernate Commons Annotations {5.1.0.Final}
2021-02-03 00:18:24 - HikariPool-1 - Starting...
2021-02-03 00:18:26 - HikariPool-1 - Start completed.
2021-02-03 00:18:26 - HHH000400: Using dialect: org.hibernate.dialect.MySQL57Dialect
2021-02-03 00:18:26 - [THYMELEAF][main] Template Mode 'HTML5' is deprecated. Using Template Mode 'HTML' instead.
2021-02-03 00:18:27 - Mapped URL path [/v2/api-docs] onto method [springfox.documentation.swagger2.web.Swagger2Controller#getDocumentation(String, HttpServletRequest)]
2021-02-03 00:18:28 - Creating filter chain: any request, [org.springframework.security.web.context.request.async.WebAsyncManagerIntegrationFilter@4fea5ee0, org.springframework.security.web.context.SecurityContextPersistenceFilter@37806be6, org.springframework.security.web.header.HeaderWriterFilter@6591f8ea, org.springframework.security.web.authentication.logout.LogoutFilter@3568ea59, am.greenlight.greenlight.security.JwtAuthenticationTokenFilter@a120b9, org.springframework.security.web.savedrequest.RequestCacheAwareFilter@1d2046bb, org.springframework.security.web.servletapi.SecurityContextHolderAwareRequestFilter@3c71cf3e, org.springframework.security.web.authentication.AnonymousAuthenticationFilter@65f5cae3, org.springframework.security.web.session.SessionManagementFilter@7aa3857b, org.springframework.security.web.access.ExceptionTranslationFilter@238ad211, org.springframework.security.web.access.intercept.FilterSecurityInterceptor@1171ba7e]
2021-02-03 00:18:33 - HHH000490: Using JtaPlatform implementation: [org.hibernate.engine.transaction.jta.platform.internal.NoJtaPlatform]
2021-02-03 00:18:33 - Initializing Spring TestDispatcherServlet ''
2021-02-03 00:18:33 - Initializing Servlet ''
2021-02-03 00:18:33 - Completed initialization in 48 ms
2021-02-03 00:18:33 - Initialized JPA EntityManagerFactory for persistence unit 'default'
2021-02-03 00:18:33 - Context refreshed
2021-02-03 00:18:33 - Found 1 custom documentation plugin(s)
2021-02-03 00:18:33 - Scanning for api listing references
2021-02-03 00:18:34 - Generating unique operation named: saveUsingPOST_1
2021-02-03 00:18:34 - Generating unique operation named: deleteUsingDELETE_1
2021-02-03 00:18:35 - Generating unique operation named: saveUsingPOST_2
2021-02-03 00:18:35 - Generating unique operation named: saveUsingPOST_3
2021-02-03 00:18:35 - Triggering deferred initialization of Spring Data repositories…
2021-02-03 00:18:37 - Spring Data repositories initialized!
2021-02-03 00:18:37 - Started ImagesControllerTest in 25.717 seconds (JVM running for 30.253)
2021-02-03 00:18:37 - Initializing Spring TestDispatcherServlet ''
2021-02-03 00:18:37 - Initializing Servlet ''
2021-02-03 00:18:37 - Completed initialization in 0 ms
2021-02-03 00:18:52 - SQL Error: 1048, SQLState: 23000
2021-02-03 00:18:52 - Column 'car_id' cannot be null
2021-02-03 00:18:56 - Closing JPA EntityManagerFactory for persistence unit 'default'
2021-02-03 00:18:56 - Shutting down ExecutorService 'taskScheduler'
2021-02-03 00:18:56 - Shutting down ExecutorService 'applicationTaskExecutor'
2021-02-03 00:18:56 - HikariPool-1 - Shutdown initiated...
2021-02-03 00:18:56 - HikariPool-1 - Shutdown completed.
2021-02-03 00:19:47 - Starting ImagesControllerTest on WIN-74REM537BGC with PID 6812 (started by Arzuman in C:\Users\Arzuman\Desktop\table\Folder\Full Stack\GreenFULL\greenLightRest)
2021-02-03 00:19:47 - No active profile set, falling back to default profiles: default
2021-02-03 00:19:50 - Bootstrapping Spring Data JPA repositories in DEFERRED mode.
2021-02-03 00:19:50 - Finished Spring Data repository scanning in 307ms. Found 7 JPA repository interfaces.
2021-02-03 00:19:54 - Initializing ExecutorService 'applicationTaskExecutor'
2021-02-03 00:19:54 - Initializing ExecutorService 'taskScheduler'
2021-02-03 00:19:54 - HHH000204: Processing PersistenceUnitInfo [name: default]
2021-02-03 00:19:54 - HHH000412: Hibernate ORM core version 5.4.18.Final
2021-02-03 00:19:54 - spring.jpa.open-in-view is enabled by default. Therefore, database queries may be performed during view rendering. Explicitly configure spring.jpa.open-in-view to disable this warning
2021-02-03 00:19:55 - HCANN000001: Hibernate Commons Annotations {5.1.0.Final}
2021-02-03 00:19:57 - HikariPool-1 - Starting...
2021-02-03 00:19:58 - [THYMELEAF][main] Template Mode 'HTML5' is deprecated. Using Template Mode 'HTML' instead.
2021-02-03 00:19:58 - HikariPool-1 - Start completed.
2021-02-03 00:19:58 - HHH000400: Using dialect: org.hibernate.dialect.MySQL57Dialect
2021-02-03 00:19:58 - Mapped URL path [/v2/api-docs] onto method [springfox.documentation.swagger2.web.Swagger2Controller#getDocumentation(String, HttpServletRequest)]
2021-02-03 00:19:59 - Creating filter chain: any request, [org.springframework.security.web.context.request.async.WebAsyncManagerIntegrationFilter@58cda03f, org.springframework.security.web.context.SecurityContextPersistenceFilter@4be12f6c, org.springframework.security.web.header.HeaderWriterFilter@30d15e4a, org.springframework.security.web.authentication.logout.LogoutFilter@efe49ab, am.greenlight.greenlight.security.JwtAuthenticationTokenFilter@30c01c37, org.springframework.security.web.savedrequest.RequestCacheAwareFilter@1d1c37d5, org.springframework.security.web.servletapi.SecurityContextHolderAwareRequestFilter@5c839677, org.springframework.security.web.authentication.AnonymousAuthenticationFilter@7757a37f, org.springframework.security.web.session.SessionManagementFilter@59a2d756, org.springframework.security.web.access.ExceptionTranslationFilter@5df64b2a, org.springframework.security.web.access.intercept.FilterSecurityInterceptor@f4f843f]
2021-02-03 00:20:02 - Initializing Spring TestDispatcherServlet ''
2021-02-03 00:20:02 - Initializing Servlet ''
2021-02-03 00:20:02 - Completed initialization in 42 ms
2021-02-03 00:20:02 - Context refreshed
2021-02-03 00:20:02 - Found 1 custom documentation plugin(s)
2021-02-03 00:20:03 - Scanning for api listing references
2021-02-03 00:20:03 - HHH000490: Using JtaPlatform implementation: [org.hibernate.engine.transaction.jta.platform.internal.NoJtaPlatform]
2021-02-03 00:20:03 - Initialized JPA EntityManagerFactory for persistence unit 'default'
2021-02-03 00:20:03 - Generating unique operation named: saveUsingPOST_1
2021-02-03 00:20:04 - Generating unique operation named: deleteUsingDELETE_1
2021-02-03 00:20:04 - Generating unique operation named: saveUsingPOST_2
2021-02-03 00:20:04 - Generating unique operation named: saveUsingPOST_3
2021-02-03 00:20:04 - Triggering deferred initialization of Spring Data repositories…
2021-02-03 00:20:06 - Spring Data repositories initialized!
2021-02-03 00:20:06 - Started ImagesControllerTest in 20.664 seconds (JVM running for 26.322)
2021-02-03 00:20:07 - Initializing Spring TestDispatcherServlet ''
2021-02-03 00:20:07 - Initializing Servlet ''
2021-02-03 00:20:07 - Completed initialization in 0 ms
2021-02-03 00:20:44 - HikariPool-1 - Thread starvation or clock leap detected (housekeeper delta=46s9ms446µs554ns).
2021-02-03 00:20:51 - Resolved [org.springframework.http.converter.HttpMessageNotWritableException: No converter found for return value of type: class org.springframework.http.ResponseEntity$DefaultBuilder]
2021-02-03 00:20:51 - Closing JPA EntityManagerFactory for persistence unit 'default'
2021-02-03 00:20:51 - Shutting down ExecutorService 'taskScheduler'
2021-02-03 00:20:51 - Shutting down ExecutorService 'applicationTaskExecutor'
2021-02-03 00:20:51 - HikariPool-1 - Shutdown initiated...
2021-02-03 00:20:51 - HikariPool-1 - Shutdown completed.
2021-02-03 00:24:31 - Starting ImagesControllerTest on WIN-74REM537BGC with PID 2620 (started by Arzuman in C:\Users\Arzuman\Desktop\table\Folder\Full Stack\GreenFULL\greenLightRest)
2021-02-03 00:24:31 - No active profile set, falling back to default profiles: default
2021-02-03 00:24:34 - Bootstrapping Spring Data JPA repositories in DEFERRED mode.
2021-02-03 00:24:34 - Finished Spring Data repository scanning in 282ms. Found 7 JPA repository interfaces.
2021-02-03 00:24:37 - Initializing ExecutorService 'applicationTaskExecutor'
2021-02-03 00:24:37 - Initializing ExecutorService 'taskScheduler'
2021-02-03 00:24:38 - HHH000204: Processing PersistenceUnitInfo [name: default]
2021-02-03 00:24:38 - HHH000412: Hibernate ORM core version 5.4.18.Final
2021-02-03 00:24:38 - spring.jpa.open-in-view is enabled by default. Therefore, database queries may be performed during view rendering. Explicitly configure spring.jpa.open-in-view to disable this warning
2021-02-03 00:24:38 - HCANN000001: Hibernate Commons Annotations {5.1.0.Final}
2021-02-03 00:24:40 - HikariPool-1 - Starting...
2021-02-03 00:24:41 - HikariPool-1 - Start completed.
2021-02-03 00:24:41 - [THYMELEAF][main] Template Mode 'HTML5' is deprecated. Using Template Mode 'HTML' instead.
2021-02-03 00:24:41 - HHH000400: Using dialect: org.hibernate.dialect.MySQL57Dialect
2021-02-03 00:24:41 - Mapped URL path [/v2/api-docs] onto method [springfox.documentation.swagger2.web.Swagger2Controller#getDocumentation(String, HttpServletRequest)]
2021-02-03 00:24:43 - Creating filter chain: any request, [org.springframework.security.web.context.request.async.WebAsyncManagerIntegrationFilter@5158a9f7, org.springframework.security.web.context.SecurityContextPersistenceFilter@7645b7d, org.springframework.security.web.header.HeaderWriterFilter@71b3ba5a, org.springframework.security.web.authentication.logout.LogoutFilter@3caf5c96, am.greenlight.greenlight.security.JwtAuthenticationTokenFilter@59f3426f, org.springframework.security.web.savedrequest.RequestCacheAwareFilter@3ea84e01, org.springframework.security.web.servletapi.SecurityContextHolderAwareRequestFilter@24eecabf, org.springframework.security.web.authentication.AnonymousAuthenticationFilter@7c8f047a, org.springframework.security.web.session.SessionManagementFilter@1b8d20e6, org.springframework.security.web.access.ExceptionTranslationFilter@1c43df76, org.springframework.security.web.access.intercept.FilterSecurityInterceptor@b841713]
2021-02-03 00:24:46 - Initializing Spring TestDispatcherServlet ''
2021-02-03 00:24:46 - Initializing Servlet ''
2021-02-03 00:24:46 - Completed initialization in 45 ms
2021-02-03 00:24:46 - Context refreshed
2021-02-03 00:24:46 - Found 1 custom documentation plugin(s)
2021-02-03 00:24:46 - Scanning for api listing references
2021-02-03 00:24:46 - HHH000490: Using JtaPlatform implementation: [org.hibernate.engine.transaction.jta.platform.internal.NoJtaPlatform]
2021-02-03 00:24:47 - Initialized JPA EntityManagerFactory for persistence unit 'default'
2021-02-03 00:24:47 - Generating unique operation named: saveUsingPOST_1
2021-02-03 00:24:47 - Generating unique operation named: deleteUsingDELETE_1
2021-02-03 00:24:47 - Generating unique operation named: saveUsingPOST_2
2021-02-03 00:24:47 - Generating unique operation named: saveUsingPOST_3
2021-02-03 00:24:48 - Triggering deferred initialization of Spring Data repositories…
2021-02-03 00:24:50 - Spring Data repositories initialized!
2021-02-03 00:24:50 - Started ImagesControllerTest in 20.827 seconds (JVM running for 25.345)
2021-02-03 00:24:50 - Initializing Spring TestDispatcherServlet ''
2021-02-03 00:24:50 - Initializing Servlet ''
2021-02-03 00:24:50 - Completed initialization in 0 ms
2021-02-03 00:27:06 - HikariPool-1 - Thread starvation or clock leap detected (housekeeper delta=1m51s974ms15µs133ns).
2021-02-03 00:27:06 - Closing JPA EntityManagerFactory for persistence unit 'default'
2021-02-03 00:27:06 - Shutting down ExecutorService 'taskScheduler'
2021-02-03 00:27:06 - Shutting down ExecutorService 'applicationTaskExecutor'
2021-02-03 00:27:06 - HikariPool-1 - Shutdown initiated...
2021-02-03 00:27:06 - HikariPool-1 - Shutdown completed.
2021-02-03 00:27:20 - Starting ImagesControllerTest on WIN-74REM537BGC with PID 4452 (started by Arzuman in C:\Users\Arzuman\Desktop\table\Folder\Full Stack\GreenFULL\greenLightRest)
2021-02-03 00:27:20 - No active profile set, falling back to default profiles: default
2021-02-03 00:27:23 - Bootstrapping Spring Data JPA repositories in DEFERRED mode.
2021-02-03 00:27:23 - Finished Spring Data repository scanning in 281ms. Found 7 JPA repository interfaces.
2021-02-03 00:27:27 - Initializing ExecutorService 'applicationTaskExecutor'
2021-02-03 00:27:27 - Initializing ExecutorService 'taskScheduler'
2021-02-03 00:27:27 - HHH000204: Processing PersistenceUnitInfo [name: default]
2021-02-03 00:27:27 - HHH000412: Hibernate ORM core version 5.4.18.Final
2021-02-03 00:27:28 - spring.jpa.open-in-view is enabled by default. Therefore, database queries may be performed during view rendering. Explicitly configure spring.jpa.open-in-view to disable this warning
2021-02-03 00:27:28 - HCANN000001: Hibernate Commons Annotations {5.1.0.Final}
2021-02-03 00:27:29 - HikariPool-1 - Starting...
2021-02-03 00:27:30 - HikariPool-1 - Start completed.
2021-02-03 00:27:30 - HHH000400: Using dialect: org.hibernate.dialect.MySQL57Dialect
2021-02-03 00:27:31 - [THYMELEAF][main] Template Mode 'HTML5' is deprecated. Using Template Mode 'HTML' instead.
2021-02-03 00:27:31 - Mapped URL path [/v2/api-docs] onto method [springfox.documentation.swagger2.web.Swagger2Controller#getDocumentation(String, HttpServletRequest)]
2021-02-03 00:27:32 - Creating filter chain: any request, [org.springframework.security.web.context.request.async.WebAsyncManagerIntegrationFilter@2c674d58, org.springframework.security.web.context.SecurityContextPersistenceFilter@782cc5fa, org.springframework.security.web.header.HeaderWriterFilter@1573e8a5, org.springframework.security.web.authentication.logout.LogoutFilter@5c8b10b4, am.greenlight.greenlight.security.JwtAuthenticationTokenFilter@2d2fc130, org.springframework.security.web.savedrequest.RequestCacheAwareFilter@ae3c140, org.springframework.security.web.servletapi.SecurityContextHolderAwareRequestFilter@5d84e363, org.springframework.security.web.authentication.AnonymousAuthenticationFilter@3c07e830, org.springframework.security.web.session.SessionManagementFilter@26d028f7, org.springframework.security.web.access.ExceptionTranslationFilter@41d20f06, org.springframework.security.web.access.intercept.FilterSecurityInterceptor@4403bff8]
2021-02-03 00:27:35 - HHH000490: Using JtaPlatform implementation: [org.hibernate.engine.transaction.jta.platform.internal.NoJtaPlatform]
2021-02-03 00:27:35 - Initialized JPA EntityManagerFactory for persistence unit 'default'
2021-02-03 00:27:36 - Initializing Spring TestDispatcherServlet ''
2021-02-03 00:27:36 - Initializing Servlet ''
2021-02-03 00:27:36 - Completed initialization in 41 ms
2021-02-03 00:27:36 - Context refreshed
2021-02-03 00:27:36 - Found 1 custom documentation plugin(s)
2021-02-03 00:27:36 - Scanning for api listing references
2021-02-03 00:27:37 - Generating unique operation named: saveUsingPOST_1
2021-02-03 00:27:37 - Generating unique operation named: deleteUsingDELETE_1
2021-02-03 00:27:37 - Generating unique operation named: saveUsingPOST_2
2021-02-03 00:27:37 - Generating unique operation named: saveUsingPOST_3
2021-02-03 00:27:37 - Triggering deferred initialization of Spring Data repositories…
2021-02-03 00:27:39 - Spring Data repositories initialized!
2021-02-03 00:27:39 - Started ImagesControllerTest in 21.591 seconds (JVM running for 25.712)
2021-02-03 00:27:40 - Initializing Spring TestDispatcherServlet ''
2021-02-03 00:27:40 - Initializing Servlet ''
2021-02-03 00:27:40 - Completed initialization in 0 ms
2021-02-03 00:27:59 - Closing JPA EntityManagerFactory for persistence unit 'default'
2021-02-03 00:27:59 - Shutting down ExecutorService 'taskScheduler'
2021-02-03 00:27:59 - Shutting down ExecutorService 'applicationTaskExecutor'
2021-02-03 00:27:59 - HikariPool-1 - Shutdown initiated...
2021-02-03 00:27:59 - HikariPool-1 - Shutdown completed.
2021-02-03 00:55:32 - Starting GreenLightApplication on WIN-74REM537BGC with PID 4116 (C:\Users\Arzuman\Desktop\table\Folder\Full Stack\GreenFULL\greenLightRest\target\classes started by Arzuman in C:\Users\Arzuman\Desktop\table\Folder\Full Stack\GreenFULL\greenLightRest)
2021-02-03 00:55:32 - The following profiles are active: Arzuman
2021-02-03 00:55:32 - Devtools property defaults active! Set 'spring.devtools.add-properties' to 'false' to disable
2021-02-03 00:55:32 - For additional web related logging consider setting the 'logging.level.web' property to 'DEBUG'
2021-02-03 00:55:34 - Bootstrapping Spring Data JPA repositories in DEFERRED mode.
2021-02-03 00:55:35 - Finished Spring Data repository scanning in 157ms. Found 7 JPA repository interfaces.
2021-02-03 00:55:36 - Tomcat initialized with port(s): 8080 (http)
2021-02-03 00:55:36 - Starting service [Tomcat]
2021-02-03 00:55:36 - Starting Servlet engine: [Apache Tomcat/9.0.37]
2021-02-03 00:55:36 - Initializing Spring embedded WebApplicationContext
2021-02-03 00:55:36 - Root WebApplicationContext: initialization completed in 3838 ms
2021-02-03 00:55:36 - spring.jpa.open-in-view is enabled by default. Therefore, database queries may be performed during view rendering. Explicitly configure spring.jpa.open-in-view to disable this warning
2021-02-03 00:55:36 - Initializing ExecutorService 'applicationTaskExecutor'
2021-02-03 00:55:36 - Initializing ExecutorService 'taskScheduler'
2021-02-03 00:55:36 - HHH000204: Processing PersistenceUnitInfo [name: default]
2021-02-03 00:55:37 - HHH000412: Hibernate ORM core version 5.4.18.Final
2021-02-03 00:55:37 - HCANN000001: Hibernate Commons Annotations {5.1.0.Final}
2021-02-03 00:55:37 - HikariPool-1 - Starting...
2021-02-03 00:55:37 - HikariPool-1 - Start completed.
2021-02-03 00:55:38 - HHH000400: Using dialect: org.hibernate.dialect.MySQL57Dialect
2021-02-03 00:55:38 - [THYMELEAF][restartedMain] Template Mode 'HTML5' is deprecated. Using Template Mode 'HTML' instead.
2021-02-03 00:55:38 - Mapped URL path [/v2/api-docs] onto method [springfox.documentation.swagger2.web.Swagger2Controller#getDocumentation(String, HttpServletRequest)]
2021-02-03 00:55:38 - Creating filter chain: any request, [org.springframework.security.web.context.request.async.WebAsyncManagerIntegrationFilter@48dc58f5, org.springframework.security.web.context.SecurityContextPersistenceFilter@ced67ae, org.springframework.security.web.header.HeaderWriterFilter@30483d9a, org.springframework.security.web.authentication.logout.LogoutFilter@5966fd00, am.greenlight.greenlight.security.JwtAuthenticationTokenFilter@5ecbc630, org.springframework.security.web.savedrequest.RequestCacheAwareFilter@5591eec7, org.springframework.security.web.servletapi.SecurityContextHolderAwareRequestFilter@60c8e1d9, org.springframework.security.web.authentication.AnonymousAuthenticationFilter@5d8453ca, org.springframework.security.web.session.SessionManagementFilter@56d546a7, org.springframework.security.web.access.ExceptionTranslationFilter@66c63caa, org.springframework.security.web.access.intercept.FilterSecurityInterceptor@62deb133]
2021-02-03 00:55:38 - LiveReload server is running on port 35729
2021-02-03 00:55:39 - Tomcat started on port(s): 8080 (http) with context path ''
2021-02-03 00:55:39 - Context refreshed
2021-02-03 00:55:39 - Found 1 custom documentation plugin(s)
2021-02-03 00:55:39 - Scanning for api listing references
2021-02-03 00:55:39 - HHH000490: Using JtaPlatform implementation: [org.hibernate.engine.transaction.jta.platform.internal.NoJtaPlatform]
2021-02-03 00:55:39 - Initialized JPA EntityManagerFactory for persistence unit 'default'
2021-02-03 00:55:39 - Generating unique operation named: saveUsingPOST_1
2021-02-03 00:55:40 - Generating unique operation named: deleteUsingDELETE_1
2021-02-03 00:55:40 - Generating unique operation named: saveUsingPOST_2
2021-02-03 00:55:40 - Generating unique operation named: saveUsingPOST_3
2021-02-03 00:55:40 - Triggering deferred initialization of Spring Data repositories…
2021-02-03 00:55:41 - Spring Data repositories initialized!
2021-02-03 00:55:41 - Started GreenLightApplication in 10.706 seconds (JVM running for 12.725)
